Cisco IOS Software, C3750 Software (C3750-IPBASEK9-M), Version 12.2(55)SE5, RELEASE SOFTWARE (fc1)
Technical Support: http://www.cisco.com/techsupport
Copyright (c) 1986-2012 by Cisco Systems, Inc.
Compiled Thu 09-Feb-12 18:59 by prod_rel_team
Image text-base: 0x01000000, data-base: 0x02D00000

ROM: Bootstrap program is C3750 boot loader
BOOTLDR: C3750 Boot Loader (C3750-HBOOT-M) Version 12.2(44)SE5, RELEASE SOFTWARE (fc1)

vz-2z uptime is 9 weeks, 3 days, 9 hours, 54 minutes
System returned to ROM by power-on
System restarted at 23:46:24 MET Fri Dec 14 2012
System image file is "flash:/c3750-ipbasek9-mz.122-55.SE5/c3750-ipbasek9-mz.122-55.SE5.bin"


This product contains cryptographic features and is subject to United
States and local country laws governing import, export, transfer and
use. Delivery of Cisco cryptographic products does not imply
third-party authority to import, export, distribute or use encryption.
Importers, exporters, distributors and users are responsible for
compliance with U.S. and local country laws. By using this product you
agree to comply with applicable laws and regulations. If you are unable
to comply with U.S. and local laws, return this product immediately.

A summary of U.S. laws governing Cisco cryptographic products may be found at:
http://www.cisco.com/wwl/export/crypto/tool/stqrg.html

If you require further assistance please contact us by sending email to
export@cisco.com.

cisco WS-C3750G-24TS-1U (PowerPC405) processor (revision H0) with 131072K bytes of memory.
Processor board ID FOC1506Z0V7
Last reset from power-on
2 Virtual Ethernet interfaces
56 Gigabit Ethernet interfaces
The password-recovery mechanism is enabled.

512K bytes of flash-simulated non-volatile configuration memory.
Base ethernet MAC Address       : 44:E4:D9:9D:4E:80
Motherboard assembly number     : 73-10219-09
Power supply part number        : 341-0098-02
Motherboard serial number       : FOC15042G86
Power supply serial number      : AZS150515D6
Model revision number           : H0
Motherboard revision number     : A0
Model number                    : WS-C3750G-24TS-S1U
System serial number            : FOC1506Z0V7
Top Assembly Part Number        : 800-26859-03
Top Assembly Revision Number    : C0
Version ID                      : V05
CLEI Code Number                : COMB600BRA
Hardware Board Revision Number  : 0x09


Switch Ports Model              SW Version            SW Image                 
------ ----- -----              ----------            ----------               
     1 28    WS-C3750G-24PS     12.2(55)SE5           C3750-IPBASEK9-M         
*    2 28    WS-C3750G-24TS-1U  12.2(55)SE5           C3750-IPBASEK9-M         


Switch 01
---------
Switch Uptime                   : 9 weeks, 3 days, 9 hours, 55 minutes 
Base ethernet MAC Address       : 9C:4E:20:D0:64:80
Motherboard assembly number     : 73-10217-08
Power supply part number        : 341-0108-04
Motherboard serial number       : FOC14151QBX
Power supply serial number      : DCA1408A0EL
Model revision number           : H0
Motherboard revision number     : C0
Model number                    : WS-C3750G-24PS-S
System serial number            : FOC1414Z5KZ
Top assembly part number        : 800-26855-02
Top assembly revision number    : E0
Version ID                      : V06
CLEI Code Number                : COMXD00ARA

Configuration register is 0xF

