Cisco IOS Software, C3750 Software (C3750-IPBASEK9-M), Version 12.2(55)SE6, RELEASE SOFTWARE (fc1)
Technical Support: http://www.cisco.com/techsupport
Copyright (c) 1986-2012 by Cisco Systems, Inc.
Compiled Mon 23-Jul-12 13:22 by prod_rel_team
Image text-base: 0x01000000, data-base: 0x02D00000

ROM: Bootstrap program is C3750 boot loader
BOOTLDR: C3750 Boot Loader (C3750-HBOOT-M) Version 12.2(44)SE5, RELEASE SOFTWARE (fc1)

switch-c3750 uptime is 6 weeks, 3 days, 22 hours, 13 minutes
System returned to ROM by power-on
System restarted at 11:26:15 MET Fri Jan 4 2013
System image file is "flash:/c3750-ipbasek9-mz.122-55.SE6/c3750-ipbasek9-mz.122-55.SE6.bin"


This product contains cryptographic features and is subject to United
States and local country laws governing import, export, transfer and
use. Delivery of Cisco cryptographic products does not imply
third-party authority to import, export, distribute or use encryption.
Importers, exporters, distributors and users are responsible for
compliance with U.S. and local country laws. By using this product you
agree to comply with applicable laws and regulations. If you are unable
to comply with U.S. and local laws, return this product immediately.

A summary of U.S. laws governing Cisco cryptographic products may be found at:
http://www.cisco.com/wwl/export/crypto/tool/stqrg.html

If you require further assistance please contact us by sending email to
export@cisco.com.

cisco WS-C3750-24TS (PowerPC405) processor (revision K0) with 131072K bytes of memory.
Processor board ID CAT0931N2SA
Last reset from power-on
3 Virtual Ethernet interfaces
24 FastEthernet interfaces
2 Gigabit Ethernet interfaces
The password-recovery mechanism is enabled.

512K bytes of flash-simulated non-volatile configuration memory.
Base ethernet MAC Address       : 00:15:2B:14:04:00
Motherboard assembly number     : 73-9677-08
Power supply part number        : 341-0034-01
Motherboard serial number       : CAT09320AU3
Power supply serial number      : PHI092300DB
Model revision number           : K0
Motherboard revision number     : B0
Model number                    : WS-C3750-24TS-S
System serial number            : CAT0931N2SA
Top Assembly Part Number        : 800-25857-02
Top Assembly Revision Number    : A0
Version ID                      : V05
CLEI Code Number                : CNMV100CRE
Hardware Board Revision Number  : 0x01


Switch Ports Model              SW Version            SW Image                 
------ ----- -----              ----------            ----------               
*    2 26    WS-C3750-24TS      12.2(55)SE6           C3750-IPBASEK9-M         


Configuration register is 0xF

