Cisco IOS Software, s72033_rp Software (s72033_rp-ADVIPSERVICESK9_WAN-M), Version 12.2(33)SXJ2, RELEASE SOFTWARE (fc4)
Technical Support: http://www.cisco.com/techsupport
Copyright (c) 1986-2011 by Cisco Systems, Inc.
Compiled Wed 14-Dec-11 19:51 by prod_rel_team

ROM: System Bootstrap, Version 12.2(17r)SX5, RELEASE SOFTWARE (fc1)

 HOSTNAME uptime is 2 weeks, 6 days, 18 hours, 47 minutes
Uptime for this control processor is 2 weeks, 6 days, 18 hours, 45 minutes
Time since BIBNTEV-H33-00-NTPM switched to active is 2 weeks, 6 days, 18 hours, 44 minutes
System returned to ROM by  power cycle at 15:51:21 MET Wed Feb 26 2014 (SP by power on)
System image file is "disk0:s72033-advipservicesk9_wan-mz.122-33.SXJ2.bin"
Last reload reason: reload



This product contains cryptographic features and is subject to United
States and local country laws governing import, export, transfer and
use. Delivery of Cisco cryptographic products does not imply
third-party authority to import, export, distribute or use encryption.
Importers, exporters, distributors and users are responsible for
compliance with U.S. and local country laws. By using this product you
agree to comply with applicable laws and regulations. If you are unable
to comply with U.S. and local laws, return this product immediately.

A summary of U.S. laws governing Cisco cryptographic products may be found at:
http://www.cisco.com/wwl/export/crypto/tool/stqrg.html

If you require further assistance please contact us by sending email to
export@cisco.com.

cisco WS-C6509-E (R7000) processor (revision 1.4) with 983008K/65536K bytes of memory.
Processor board ID SMC123600BC
SR71000 CPU at 600Mhz, Implementation 0x504, Rev 1.2, 512KB L2 Cache
Last reset from s/w reset
4 Virtual Ethernet interfaces
51 Gigabit Ethernet interfaces
2 Ten Gigabit Ethernet interfaces
1917K bytes of non-volatile configuration memory.
8192K bytes of packet buffer memory.

65536K bytes of Flash internal SIMM (Sector size 512K).
Configuration register is 0x2102


