
 *: interface is up
 IHQ: pkts in input hold queue     IQD: pkts dropped from input queue
 OHQ: pkts in output hold queue    OQD: pkts dropped from output queue
 RXBS: rx rate (bits/sec)          RXPS: rx rate (pkts/sec)
 TXBS: tx rate (bits/sec)          TXPS: tx rate (pkts/sec)
 TRTL: throttle count

  Interface               IHQ   IQD  OHQ   OQD  RXBS RXPS  TXBS TXPS TRTL
-------------------------------------------------------------------------
  Vlan1                    0     0    0     0     0    0     0    0    0
  Vlan100                  0     0    0     0     0    0     0    0    0
* Vlan1100                 1     0    0     0  1000    1  1000    1    0
* FastEthernet2/0/1        0     0    0     0     0    0     0    0    0
* FastEthernet2/0/2        0     0    0     0     0    0     0    0    0
* FastEthernet2/0/3        0     0    0     0     0    0     0    0    0
  FastEthernet2/0/4        0     0    0     0     0    0     0    0    0
  FastEthernet2/0/5        0     0    0     0     0    0     0    0    0
  FastEthernet2/0/6        0     0    0     0     0    0     0    0    0
* FastEthernet2/0/7        0     0    0   528 14000   17  2000    3    0
  FastEthernet2/0/8        0     0    0     0     0    0     0    0    0
  FastEthernet2/0/9        0     0    0     0     0    0     0    0    0
  FastEthernet2/0/10       0     0    0     0     0    0     0    0    0
  FastEthernet2/0/11       0     0    0     0     0    0     0    0    0
  FastEthernet2/0/12       0     0    0     0     0    0     0    0    0
  FastEthernet2/0/13       0     0    0     0     0    0     0    0    0
  FastEthernet2/0/14       0     0    0     0     0    0     0    0    0
  FastEthernet2/0/15       0     0    0     0     0    0     0    0    0
  FastEthernet2/0/16       0     0    0     0     0    0     0    0    0
  FastEthernet2/0/17       0     0    0     0     0    0     0    0    0
  FastEthernet2/0/18       0     0    0     0     0    0     0    0    0
  FastEthernet2/0/19       0     0    0     0     0    0     0    0    0
  FastEthernet2/0/20       0     0    0     0     0    0     0    0    0
  FastEthernet2/0/21       0     0    0     0     0    0     0    0    0
  FastEthernet2/0/22       0     0    0     0     0    0     0    0    0
  FastEthernet2/0/23       0     0    0     0     0    0     0    0    0
  FastEthernet2/0/24       0     0    0     0     0    0     0    0    0
  GigabitEthernet2/0/1     0     0    0     0     0    0     0    0    0
  GigabitEthernet2/0/2     0     0    0     0     0    0     0    0    0
