
 *: interface is up
 IHQ: pkts in input hold queue     IQD: pkts dropped from input queue
 OHQ: pkts in output hold queue    OQD: pkts dropped from output queue
 RXBS: rx rate (bits/sec)          RXPS: rx rate (pkts/sec)
 TXBS: tx rate (bits/sec)          TXPS: tx rate (pkts/sec)
 TRTL: throttle count

  Interface               IHQ   IQD  OHQ   OQD  RXBS RXPS  TXBS TXPS TRTL
-------------------------------------------------------------------------
  Vlan1                    0     0    0     0     0    0     0    0    0
* Vlan1100                 1     0    0     0  1000    1  1000    1    0
* GigabitEthernet1/0/1     0     0    0   241  1000    1  1000    1    0
* GigabitEthernet1/0/2     0     0    0     0  1000    1  1000    1    0
* GigabitEthernet1/0/3     0     0    0   210  1000    1 116000   16    0
* GigabitEthernet1/0/4     0     0    0    20  1000    1  6000    1    0
* GigabitEthernet1/0/5     0     0    0    10     0    0  1000    1    0
* GigabitEthernet1/0/6     0     0    0 58827 117000   62 2174000  193    0
* GigabitEthernet1/0/7     0     0    0     0 52000   26 52000   26    0
* GigabitEthernet1/0/8     0     0    0   340 107000  208 3933000  394    0
* GigabitEthernet1/0/9     0     0    0     0 18000    9 18000    9    0
* GigabitEthernet1/0/10    0     0    0     0     0    0  1000    1    0
* GigabitEthernet1/0/11    0     0    0     0     0    0  1000    1    0
* GigabitEthernet1/0/12    0     0    0     0  1000    1  5000    2    0
* GigabitEthernet1/0/13    0     0    0     0     0    0  1000    1    0
* GigabitEthernet1/0/14    0     0    0 16527  4000    2 14000    3    0
* GigabitEthernet1/0/15    0     0    0     0     0    0  1000    1    0
* GigabitEthernet1/0/16    0     0    0   340 23000   54 1358000  125    0
* GigabitEthernet1/0/17    0     0    0     0     0    0  1000    1    0
* GigabitEthernet1/0/18    0     0    0 65247  1000    8 1003000   70    0
  GigabitEthernet1/0/19    0     0    0     0     0    0     0    0    0
  GigabitEthernet1/0/20    0     0    0     0     0    0     0    0    0
* GigabitEthernet1/0/21    0     0    0    72     0    0  1000    1    0
* GigabitEthernet1/0/22    0     0    0     0  4000    1 92000    4    0
  GigabitEthernet1/0/23    0     0    0     0     0    0     0    0    0
* GigabitEthernet1/0/24    0     0    0     0     0    0     0    0    0
* GigabitEthernet1/0/25    0     0    0     0 10516000  1081 468000  516    0
  GigabitEthernet1/0/26    0     0    0     0     0    0     0    0    0
  GigabitEthernet1/0/27    0     0    0     0     0    0     0    0    0
  GigabitEthernet1/0/28    0     0    0     0     0    0     0    0    0
* GigabitEthernet2/0/1     0     0    0     0     0    0     0    0    0
* GigabitEthernet2/0/2     0     0    0     0  3000    3  4000    3    0
* GigabitEthernet2/0/3     0     0    0     0     0    0     0    0    0
* GigabitEthernet2/0/4     0     0    0     0 19000   43 1512000  121    0
* GigabitEthernet2/0/5     0     0    0     0     0    0     0    0    0
* GigabitEthernet2/0/6     0     0    0     0     0    0     0    0    0
  GigabitEthernet2/0/7     0     0    0     0     0    0     0    0    0
  GigabitEthernet2/0/8     0     0    0     0     0    0     0    0    0
* GigabitEthernet2/0/9     0     0    0     0  3000    0 19000    8    0
* GigabitEthernet2/0/10    0     0    0     0     0    0  4000    3    0
  GigabitEthernet2/0/11    0     0    0     0     0    0     0    0    0
* GigabitEthernet2/0/12    0     0    0     0     0    0     0    0    0
  GigabitEthernet2/0/13    0     0    0     0     0    0     0    0    0
  GigabitEthernet2/0/14    0     0    0   331     0    0     0    0    0
  GigabitEthernet2/0/15    0     0    0     0     0    0     0    0    0
  GigabitEthernet2/0/16    0     0    0     0     0    0     0    0    0
  GigabitEthernet2/0/17    0     0    0     0     0    0     0    0    0
* GigabitEthernet2/0/18    0     0    0     0     0    0     0    0    0
  GigabitEthernet2/0/19    0     0    0     0     0    0     0    0    0
* GigabitEthernet2/0/20    0     0    0  3881  1000    3 13000   19    0
  GigabitEthernet2/0/21    0     0    0     0     0    0     0    0    0
  GigabitEthernet2/0/22    0     0    0     0     0    0     0    0    0
  GigabitEthernet2/0/23    0     0    0     0     0    0     0    0    0
  GigabitEthernet2/0/24    0     0    0     0     0    0     0    0    0
  GigabitEthernet2/0/25    0     0    0     0     0    0     0    0    0
  GigabitEthernet2/0/26    0     0    0     0     0    0     0    0    0
  GigabitEthernet2/0/27    0     0    0     0     0    0     0    0    0
  GigabitEthernet2/0/28    0     0    0     0     0    0     0    0    0
