
 *: interface is up
 IHQ: pkts in input hold queue     IQD: pkts dropped from input queue
 OHQ: pkts in output hold queue    OQD: pkts dropped from output queue
 RXBS: rx rate (bits/sec)          RXPS: rx rate (pkts/sec)
 TXBS: tx rate (bits/sec)          TXPS: tx rate (pkts/sec)
 TRTL: throttle count

  Interface                   IHQ       IQD       OHQ       OQD      RXBS      RXPS      TXBS      TXPS      TRTL
-----------------------------------------------------------------------------------------------------------------
  FastEthernet1                 0         0         0         0         0         0         0         0         0
* TenGigabitEthernet1/1         0         0         0         0  16240000      3024  13397000      2976         0
* TenGigabitEthernet1/2         0         0         0         0     18000        11    292000       142         0
* TenGigabitEthernet1/3         0         0         0         0   1858000       312    930000       202         0
* TenGigabitEthernet1/4         0         0         0         0  24729000      3431  24311000      3231         0
* GigabitEthernet2/1            0         0         0         0         0         0         0         0         0
* GigabitEthernet2/2            0         0         0         0     38000        29    484000       159         0
* GigabitEthernet2/3            0         0         0         0    939000       565  10631000       983         0
* GigabitEthernet2/4            0         0         0         0  70297000      7402         0         0         0
* GigabitEthernet2/5            0         0         0         0      9000         7    191000       129         0
* GigabitEthernet2/6            0         0         0         0   6484000      1180   7810000      1229         0
  GigabitEthernet3/1            0         0         0         0         0         0         0         0         0
  GigabitEthernet3/2            0         0         0         0         0         0         0         0         0
* GigabitEthernet3/3            0         0         0         0         0         0      2000         4         0
  GigabitEthernet3/4            0         0         0         0         0         0         0         0         0
  GigabitEthernet3/5            0         0         0         0         0         0         0         0         0
  GigabitEthernet3/6            0         0         0         0         0         0         0         0         0
* GigabitEthernet3/7            0         0         0         0         0         0      1000         2         0
* GigabitEthernet3/8            0         0         0         0         0         0      2000         4         0
  GigabitEthernet3/9            0         0         0         0         0         0         0         0         0
* GigabitEthernet3/10           0         0         0         0         0         0      1000         2         0
  GigabitEthernet3/11           0         0         0         0         0         0         0         0         0
  GigabitEthernet3/12           0         0         0         0         0         0         0         0         0
* GigabitEthernet3/13           0         0         0    171919     41000        50   2141000       189         0
* GigabitEthernet3/14           0         0         0         0         0         0      1000         2         0
  GigabitEthernet3/15           0         0         0         0         0         0         0         0         0
  GigabitEthernet3/16           0         0         0         0         0         0         0         0         0
* GigabitEthernet3/17           0         0         0         0         0         0      2000         3         0
  GigabitEthernet3/18           0         0         0         0         0         0         0         0         0
  GigabitEthernet3/19           0         0         0         0         0         0         0         0         0
  GigabitEthernet3/20           0         0         0         0         0         0         0         0         0
  GigabitEthernet3/21           0         0         0         0         0         0         0         0         0
  GigabitEthernet3/22           0         0         0         0         0         0         0         0         0
  GigabitEthernet3/23           0         0         0         0         0         0         0         0         0
* GigabitEthernet3/24           0         0         0         0         0         0      4000         3         0
  GigabitEthernet3/25           0         0         0         0         0         0         0         0         0
* GigabitEthernet3/26           0         0         0         0      1000         2    984000       102         0
  GigabitEthernet3/27           0         0         0         0         0         0         0         0         0
  GigabitEthernet3/28           0         0         0         3         0         0         0         0         0
* GigabitEthernet3/29           0         0         0         0     10000        13    115000        24         0
  GigabitEthernet3/30           0         0         0         0         0         0         0         0         0
* GigabitEthernet3/31           0         0         0         0         0         0      4000         3         0
  GigabitEthernet3/32           0         0         0         0         0         0         0         0         0
  GigabitEthernet3/33           0         0         0         0         0         0         0         0         0
* GigabitEthernet3/34           0         0         0         0         0         0      2000         2         0
  GigabitEthernet3/35           0         0         0         0         0         0         0         0         0
  GigabitEthernet3/36           0         0         0         0         0         0         0         0         0
  GigabitEthernet3/37           0         0         0         0         0         0         0         0         0
* GigabitEthernet3/38           0         0         0         0      1000         1     15000         9         0
  GigabitEthernet3/39           0         0         0         0         0         0         0         0         0
  GigabitEthernet3/40           0         0         0         0         0         0         0         0         0
* GigabitEthernet3/41           0         0         0         0         0         0      2000         2         0
  GigabitEthernet3/42           0         0         0         0         0         0         0         0         0
  GigabitEthernet3/43           0         0         0         0         0         0         0         0         0
* GigabitEthernet3/44           0         0         0         0         0         0      5000         5         0
* GigabitEthernet3/45           0         0         0         0         0         0      2000         4         0
* GigabitEthernet3/46           0         0         0         0      1000         2      7000         8         0
  GigabitEthernet3/47           0         0         0         0         0         0         0         0         0
  GigabitEthernet3/48           0         0         0         0         0         0         0         0         0
  GigabitEthernet4/1            0         0         0         0         0         0         0         0         0
* GigabitEthernet4/2            0         0         0         0      2000         0     35000         8         0
  GigabitEthernet4/3            0         0         0         0         0         0         0         0         0
* GigabitEthernet4/4            0         0         0         0         0         0      5000         5         0
  GigabitEthernet4/5            0         0         0         0         0         0         0         0         0
  GigabitEthernet4/6            0         0         0         0         0         0         0         0         0
  GigabitEthernet4/7            0         0         0         0         0         0         0         0         0
* GigabitEthernet4/8            0         0         0         0         0         0      2000         4         0
  GigabitEthernet4/9            0         0         0         0         0         0         0         0         0
  GigabitEthernet4/10           0         0         0         3         0         0         0         0         0
  GigabitEthernet4/11           0         0         0         0         0         0         0         0         0
  GigabitEthernet4/12           0         0         0         0         0         0         0         0         0
  GigabitEthernet4/13           0         0         0         0    173000        75    206000        78         0
  GigabitEthernet4/14           0         0         0         0         0         0         0         0         0
  GigabitEthernet4/15           0         0         0         0         0         0         0         0         0
  GigabitEthernet4/16           0         0         0         0         0         0         0         0         0
* GigabitEthernet4/17           0         0         0         0         0         0      4000         3         0
  GigabitEthernet4/18           0         0         0         0         0         0         0         0         0
* GigabitEthernet4/19           0         0         0         0      4000         2     38000         8         0
  GigabitEthernet4/20           0         0         0         0         0         0         0         0         0
  GigabitEthernet4/21           0         0         0         0         0         0         0         0         0
  GigabitEthernet4/22           0         0         0         0         0         0         0         0         0
  GigabitEthernet4/23           0         0         0         0         0         0         0         0         0
  GigabitEthernet4/24           0         0         0         0         0         0         0         0         0
* GigabitEthernet4/25           0         0         0         0         0         0      5000         5         0
* GigabitEthernet4/26           0         0         0         0         0         0      2000         4         0
  GigabitEthernet4/27           0         0         0         0         0         0         0         0         0
* GigabitEthernet4/28           0         0         0         0         0         0      5000         5         0
* GigabitEthernet4/29           0         0         0         0         0         0      5000         5         0
* GigabitEthernet4/30           0         0         0         0         0         0      5000         5         0
* GigabitEthernet4/31           0         0         0         0      1000         0     48000         5         0
* GigabitEthernet4/32           0         0         0         0         0         0      5000         5         0
  GigabitEthernet4/33           0         0         0         0         0         0         0         0         0
* GigabitEthernet4/34           0         0         0         0         0         0      9000         8         0
  GigabitEthernet4/35           0         0         0         0         0         0         0         0         0
  GigabitEthernet4/36           0         0         0         0         0         0         0         0         0
* GigabitEthernet4/37           0         0         0         0      1000         0      6000         6         0
  GigabitEthernet4/38           0         0         0         0         0         0         0         0         0
  GigabitEthernet4/39           0         0         0         0         0         0         0         0         0
* GigabitEthernet4/40           0         0         0         0         0         0      3000         4         0
* GigabitEthernet4/41           0         0         0         0         0         0      6000         6         0
  GigabitEthernet4/42           0         0         0         0         0         0         0         0         0
  GigabitEthernet4/43           0         0         0         0         0         0         0         0         0
* GigabitEthernet4/44           0         0         0         0         0         0         0         0         0
  GigabitEthernet4/45           0         0         0         0         0         0         0         0         0
* GigabitEthernet4/46           0         0         0         0         0         0      2000         4         0
  GigabitEthernet4/47           0         0         0         0         0         0         0         0         0
  GigabitEthernet4/48           0         0         0         0         0         0         0         0         0
  GigabitEthernet5/1            0         0         0         0         0         0         0         0         0
* GigabitEthernet5/2            0         0         0         0         0         0      1000         2         0
  GigabitEthernet5/3            0         0         0         0         0         0         0         0         0
  GigabitEthernet5/4            0         0         0         0         0         0         0         0         0
* GigabitEthernet5/5            0         0         0         0         0         0      2000         2         0
  GigabitEthernet5/6            0         0         0         0         0         0         0         0         0
* GigabitEthernet5/7            0         0         0         0         0         0      5000         5         0
* GigabitEthernet5/8            0         0         0         0     20000        14    640000        67         0
* GigabitEthernet5/9            0         0         0         0         0         0      2000         3         0
* GigabitEthernet5/10           0         0         0         0         0         0      1000         2         0
* GigabitEthernet5/11           0         0         0         0         0         0      2000         4         0
  GigabitEthernet5/12           0         0         0         0         0         0         0         0         0
* GigabitEthernet5/13           0         0         0         0         0         0      1000         2         0
  GigabitEthernet5/14           0         0         0         0         0         0         0         0         0
  GigabitEthernet5/15           0         0         0         0         0         0         0         0         0
  GigabitEthernet5/16           0         0         0         0         0         0         0         0         0
* GigabitEthernet5/17           0         0         0         0         0         0      4000         3         0
  GigabitEthernet5/18           0         0         0         0         0         0         0         0         0
  GigabitEthernet5/19           0         0         0         0         0         0         0         0         0
  GigabitEthernet5/20           0         0         0         0         0         0         0         0         0
  GigabitEthernet5/21           0         0         0         0         0         0         0         0         0
  GigabitEthernet5/22           0         0         0         0         0         0         0         0         0
  GigabitEthernet5/23           0         0         0         0         0         0         0         0         0
  GigabitEthernet5/24           0         0         0         0         0         0         0         0         0
* GigabitEthernet5/25           0         0         0         0         0         0      2000         2         0
  GigabitEthernet5/26           0         0         0         0         0         0         0         0         0
* GigabitEthernet5/27           0         0         0         0         0         0      5000         5         0
  GigabitEthernet5/28           0         0         0         0         0         0         0         0         0
  GigabitEthernet5/29           0         0         0         0         0         0         0         0         0
  GigabitEthernet5/30           0         0         0         0         0         0         0         0         0
* GigabitEthernet5/31           0         0         0         0         0         0      5000         5         0
* GigabitEthernet5/32           0         0         0         0         0         0      5000         5         0
  GigabitEthernet5/33           0         0         0         0         0         0         0         0         0
* GigabitEthernet5/34           0         0         0         0         0         0      5000         5         0
  GigabitEthernet5/35           0         0         0         0         0         0         0         0         0
  GigabitEthernet5/36           0         0         0         0         0         0         0         0         0
  GigabitEthernet5/37           0         0         0         0         0         0         0         0         0
  GigabitEthernet5/38           0         0         0         0         0         0         0         0         0
  GigabitEthernet5/39           0         0         0         0         0         0         0         0         0
  GigabitEthernet5/40           0         0         0         0         0         0         0         0         0
* GigabitEthernet5/41           0         0         0         0         0         0      2000         4         0
  GigabitEthernet5/42           0         0         0         0         0         0         0         0         0
  GigabitEthernet5/43           0         0         0         0         0         0         0         0         0
  GigabitEthernet5/44           0         0         0         0         0         0         0         0         0
  GigabitEthernet5/45           0         0         0         0         0         0         0         0         0
  GigabitEthernet5/46           0         0         0         0         0         0         0         0         0
* GigabitEthernet5/47           0         0         0         3         0         0    142000       110         0
  GigabitEthernet5/48           0         0         0         3         0         0         0         0         0
  GigabitEthernet6/1            0         0         0         0         0         0         0         0         0
  GigabitEthernet6/2            0         0         0         0         0         0         0         0         0
  GigabitEthernet6/3            0         0         0         0         0         0         0         0         0
  GigabitEthernet6/4            0         0         0         0         0         0         0         0         0
  GigabitEthernet6/5            0         0         0         0         0         0         0         0         0
  GigabitEthernet6/6            0         0         0         0         0         0         0         0         0
  GigabitEthernet6/7            0         0         0         0         0         0         0         0         0
  GigabitEthernet6/8            0         0         0         0         0         0         0         0         0
  GigabitEthernet6/9            0         0         0         0         0         0         0         0         0
* GigabitEthernet6/10           0         0         0         0         0         0      1000         3         0
* GigabitEthernet6/11           0         0         0         0         0         0      9000        10         0
  GigabitEthernet6/12           0         0         0         0         0         0         0         0         0
* GigabitEthernet6/13           0         0         0         0         0         0      2000         4         0
* GigabitEthernet6/14           0         0         0         0         0         0      3000         4         0
* GigabitEthernet6/15           0         0         0         0         0         0      1000         2         0
  GigabitEthernet6/16           0         0         0         0         0         0         0         0         0
* GigabitEthernet6/17           0         0         0         0         0         0     10000        10         0
  GigabitEthernet6/18           0         0         0         0         0         0         0         0         0
  GigabitEthernet6/19           0         0         0         0         0         0         0         0         0
  GigabitEthernet6/20           0         0         0         0         0         0         0         0         0
  GigabitEthernet6/21           0         0         0         0         0         0         0         0         0
* GigabitEthernet6/22           0         0         0         0         0         0      1000         2         0
  GigabitEthernet6/23           0         0         0         0         0         0         0         0         0
  GigabitEthernet6/24           0         0         0         0         0         0         0         0         0
  GigabitEthernet6/25           0         0         0         0         0         0         0         0         0
  GigabitEthernet6/26           0         0         0         0         0         0         0         0         0
  GigabitEthernet6/27           0         0         0         0         0         0         0         0         0
  GigabitEthernet6/28           0         0         0         0         0         0         0         0         0
  GigabitEthernet6/29           0         0         0         0         0         0         0         0         0
  GigabitEthernet6/30           0         0         0         0         0         0         0         0         0
* GigabitEthernet6/31           0         0         0         0         0         0      5000         5         0
  GigabitEthernet6/32           0         0         0         0         0         0         0         0         0
  GigabitEthernet6/33           0         0         0         0         0         0         0         0         0
* GigabitEthernet6/34           0         0         0         0         0         0     11000        10         0
* GigabitEthernet6/35           0         0         0         0      3000         3     30000        15         0
* GigabitEthernet6/36           0         0         0         0         0         0     10000        10         0
* GigabitEthernet6/37           0         0         0         0         0         0     11000        11         0
  GigabitEthernet6/38           0         0         0         0         0         0         0         0         0
* GigabitEthernet6/39           0         0         0         0      7000         3    129000        16         0
* GigabitEthernet6/40           0         0         0         0         0         0  11060000      2466         0
* GigabitEthernet6/41           0         0         0         0         0         0    145000       110         0
* GigabitEthernet6/42           0         0         0         0         0         0         0         0         0
* GigabitEthernet6/43           0         0         0         0      6000         4     41000         9         0
* GigabitEthernet6/44           0         0         0         0     16000        16    323000        36         0
* GigabitEthernet6/45           0         0         0         0         0         0         0         0         0
* GigabitEthernet6/46           0         0         0         0         0         0     16000         8         0
* GigabitEthernet6/47           0         0         0         0     62000        60    837000       101         0
* GigabitEthernet6/48           0         0         0         0         0         0         0         0         0
* Port-channel3                 0         0         0         0  40980000      6463  37720000      6205         0
* Port-channel4                 0         0         0         0         0         0    142000       110         0
* Tunnel0                       0         0         0         0         0         0         0         0         0
* Tunnel1                       0         0         0         0         0         0         0         0         0
* Tunnel2                       0         0         0         0         0         0         0         0         0
* Tunnel3                       0         0         0         0         0         0         0         0         0
* Tunnel4                       0         0         0         0         0         0         0         0         0
* Tunnel5                       0         0         0         0         0         0         0         0         0
* Tunnel6                       0         0         0         0         0         0         0         0         0
* Tunnel7                       0         0         0         0         0         0         0         0         0
* Tunnel8                       0         0         0         0         0         0         0         0         0
* Tunnel9                       0         0         0         0         0         0         0         0         0
* Tunnel20                      0         0         0         0         0         1         0         0         0
* Vlan1                         0         0         0         0         0         0         0         0         0
* Vlan704                       0         0         0         0         0         0         0         0         0
* Vlan720                       0         0         0         0         0         0         0         0         0
* Vlan721                       0         0         0         0         0         0         0         0         0
* Vlan1100                      0         0         0         0         0         0      6000         5         0
* Vlan1101                      0         0         0         0         0         0         0         0         0
* Vlan1102                      0         0         0         0         0         0         0         0         0
* Vlan1104                      0         0         0         0         0         0         0         0         0
* Vlan1105                      0         0         0         0         0         0     55000        15         0
* Vlan1106                      0         0         0         0         0         0         0         0         0
  Vlan1107                      0         0         0         0         0         0         0         0         0
* Vlan1108                      0         0         0         0         0         0         0         0         0
* Vlan1109                      0         0         0         0         0         0         0         0         0
* Vlan1110                      0         0         0         0         0         0         0         0         0
* Vlan1111                      0         4         0         0         0         0      1000         1         0
  Vlan1112                      0         0         0         0         0         0         0         0         0
* Vlan1120                      0         0         0         0      1000         1         0         0         0
* Vlan1128                      0         0         0         0      2000         2         0         0         0
* Vlan1132                      0         0         0         0      1000         1      1000         1         0
* Vlan1136                      0         0         0         0         0         0         0         0         0
* Vlan1140                      0         0         0         0         0         0         0         0         0
* Vlan1144                      0         0         0         0      1000         1         0         0         0
* Vlan1148                      0         0         0         0         0         0         0         0         0
* Vlan1201                      0         0         0         0         0         0         0         0         0
